2023-08-12 20:24:53,206 - LoggerFriends - INFO - Friend: {'name': 'pmass', 'hand': ['T_8', 'D_T'], 'force': None, 'active': True} cards: ['T_8', 'D_T'] type: <class 'list'>
2023-08-12 20:24:55,551 - LoggerFriends - INFO - Friend: {'name': 'pmass', 'hand': ['T_8', 'D_T'], 'force': None, 'active': True} cards: ['T_8', 'D_T'] type: <class 'list'>
2023-08-12 20:24:57,906 - LoggerFriends - INFO - Friend: {'name': 'pmass', 'hand': ['T_8', 'D_T'], 'force': None, 'active': True} cards: ['T_8', 'D_T'] type: <class 'list'>
2023-08-12 20:25:00,285 - LoggerFriends - INFO - Friend: {'name': 'pmass', 'hand': ['T_8', 'D_T'], 'force': None, 'active': True} cards: ['T_8', 'D_T'] type: <class 'list'>
2023-08-12 20:25:02,376 - LoggerFriends - INFO - Friend: {'name': 'pmass', 'hand': ['T_8', 'D_T'], 'force': None, 'active': True} cards: ['T_8', 'D_T'] type: <class 'list'>
2023-08-12 20:25:04,688 - LoggerFriends - INFO - Friend: {'name': 'pmass', 'hand': ['T_8', 'D_T'], 'force': None, 'active': True} cards: ['T_8', 'D_T'] type: <class 'list'>
2023-08-12 20:25:07,076 - LoggerFriends - INFO - Friend: {'name': 'pmass', 'hand': ['T_8', 'D_T'], 'force': None, 'active': True} cards: ['T_8', 'D_T'] type: <class 'list'>
2023-08-12 20:25:09,526 - LoggerFriends - INFO - Friend: {'name': 'pmass', 'hand': ['T_8', 'D_T'], 'force': None, 'active': True} cards: ['T_8', 'D_T'] type: <class 'list'>
2023-08-12 20:25:13,289 - LoggerFriends - INFO - Friend: {'name': 'pmass', 'hand': ['T_8', 'D_T'], 'force': None, 'active': False} cards: ['T_8', 'D_T'] type: <class 'list'>
2023-08-12 20:25:15,830 - LoggerFriends - INFO - Friend: {'name': 'pmass', 'hand': ['T_8', 'D_T'], 'force': None, 'active': False} cards: ['T_8', 'D_T'] type: <class 'list'>
2023-08-12 20:25:18,307 - LoggerFriends - INFO - Friend: {'name': 'pmass', 'hand': ['T_8', 'D_T'], 'force': None, 'active': False} cards: ['T_8', 'D_T'] type: <class 'list'>
2023-08-12 20:25:24,536 - LoggerFriends - INFO - Friend: {'name': 'pmass', 'hand': ['T_K', 'T_A'], 'force': None, 'active': True} cards: ['T_K', 'T_A'] type: <class 'list'>
2023-08-12 20:25:26,877 - LoggerFriends - INFO - Friend: {'name': 'pmass', 'hand': ['T_K', 'T_A'], 'force': None, 'active': True} cards: ['T_K', 'T_A'] type: <class 'list'>
2023-08-12 20:25:29,288 - LoggerFriends - INFO - Friend: {'name': 'pmass', 'hand': ['T_K', 'T_A'], 'force': None, 'active': True} cards: ['T_K', 'T_A'] type: <class 'list'>
2023-08-12 20:25:31,641 - LoggerFriends - INFO - Friend: {'name': 'pmass', 'hand': ['T_K', 'T_A'], 'force': None, 'active': True} cards: ['T_K', 'T_A'] type: <class 'list'>
2023-08-12 20:25:34,027 - LoggerFriends - INFO - Friend: {'name': 'pmass', 'hand': ['T_K', 'T_A'], 'force': None, 'active': True} cards: ['T_K', 'T_A'] type: <class 'list'>
2023-08-12 20:25:36,427 - LoggerFriends - INFO - Friend: {'name': 'pmass', 'hand': ['T_K', 'T_A'], 'force': None, 'active': True} cards: ['T_K', 'T_A'] type: <class 'list'>
2023-08-12 20:25:38,857 - LoggerFriends - INFO - Friend: {'name': 'pmass', 'hand': ['T_K', 'T_A'], 'force': None, 'active': True} cards: ['T_K', 'T_A'] type: <class 'list'>
2023-08-12 20:25:41,259 - LoggerFriends - INFO - Friend: {'name': 'pmass', 'hand': ['T_K', 'T_A'], 'force': None, 'active': True} cards: ['T_K', 'T_A'] type: <class 'list'>
2023-08-12 20:25:43,741 - LoggerFriends - INFO - Friend: {'name': 'pmass', 'hand': ['T_K', 'T_A'], 'force': None, 'active': True} cards: ['T_K', 'T_A'] type: <class 'list'>
2023-08-12 20:25:46,177 - LoggerFriends - INFO - Friend: {'name': 'pmass', 'hand': ['T_K', 'T_A'], 'force': None, 'active': True} cards: ['T_K', 'T_A'] type: <class 'list'>
2023-08-12 20:25:48,677 - LoggerFriends - INFO - Friend: {'name': 'pmass', 'hand': ['T_K', 'T_A'], 'force': None, 'active': True} cards: ['T_K', 'T_A'] type: <class 'list'>
2023-08-12 20:25:51,127 - LoggerFriends - INFO - Friend: {'name': 'pmass', 'hand': ['T_K', 'T_A'], 'force': None, 'active': True} cards: ['T_K', 'T_A'] type: <class 'list'>
2023-08-12 20:25:53,353 - LoggerFriends - INFO - Friend: {'name': 'pmass', 'hand': ['T_K', 'T_A'], 'force': None, 'active': True} cards: ['T_K', 'T_A'] type: <class 'list'>
2023-08-12 20:25:55,650 - LoggerFriends - INFO - Friend: {'name': 'pmass', 'hand': ['T_K', 'T_A'], 'force': None, 'active': True} cards: ['T_K', 'T_A'] type: <class 'list'>
2023-08-12 20:25:57,935 - LoggerFriends - INFO - Friend: {'name': 'pmass', 'hand': ['T_K', 'T_A'], 'force': None, 'active': True} cards: ['T_K', 'T_A'] type: <class 'list'>
2023-08-12 20:26:00,234 - LoggerFriends - INFO - Friend: {'name': 'pmass', 'hand': ['T_K', 'T_A'], 'force': None, 'active': True} cards: ['T_K', 'T_A'] type: <class 'list'>
2023-08-12 20:26:02,590 - LoggerFriends - INFO - Friend: {'name': 'pmass', 'hand': ['T_K', 'T_A'], 'force': None, 'active': True} cards: ['T_K', 'T_A'] type: <class 'list'>
2023-08-12 20:26:04,906 - LoggerFriends - INFO - Friend: {'name': 'pmass', 'hand': ['T_K', 'T_A'], 'force': None, 'active': True} cards: ['T_K', 'T_A'] type: <class 'list'>
2023-08-12 20:26:07,248 - LoggerFriends - INFO - Friend: {'name': 'pmass', 'hand': ['T_K', 'T_A'], 'force': None, 'active': True} cards: ['T_K', 'T_A'] type: <class 'list'>
2023-08-12 20:26:09,610 - LoggerFriends - INFO - Friend: {'name': 'pmass', 'hand': ['T_K', 'T_A'], 'force': None, 'active': True} cards: ['T_K', 'T_A'] type: <class 'list'>
2023-08-12 20:26:12,046 - LoggerFriends - INFO - Friend: {'name': 'pmass', 'hand': ['T_K', 'T_A'], 'force': None, 'active': True} cards: ['T_K', 'T_A'] type: <class 'list'>
2023-08-12 20:26:14,352 - LoggerFriends - INFO - Friend: {'name': 'pmass', 'hand': ['T_K', 'T_A'], 'force': None, 'active': True} cards: ['T_K', 'T_A'] type: <class 'list'>
2023-08-12 20:26:16,835 - LoggerFriends - INFO - Friend: {'name': 'pmass', 'hand': ['T_K', 'T_A'], 'force': None, 'active': True} cards: ['T_K', 'T_A'] type: <class 'list'>
2023-08-12 20:26:19,297 - LoggerFriends - INFO - Friend: {'name': 'pmass', 'hand': ['T_K', 'T_A'], 'force': None, 'active': True} cards: ['T_K', 'T_A'] type: <class 'list'>
2023-08-12 20:26:21,757 - LoggerFriends - INFO - Friend: {'name': 'pmass', 'hand': ['T_K', 'T_A'], 'force': None, 'active': True} cards: ['T_K', 'T_A'] type: <class 'list'>
2023-08-12 20:26:24,077 - LoggerFriends - INFO - Friend: {'name': 'pmass', 'hand': ['T_K', 'T_A'], 'force': None, 'active': True} cards: ['T_K', 'T_A'] type: <class 'list'>
2023-08-12 20:26:26,477 - LoggerFriends - INFO - Friend: {'name': 'pmass', 'hand': ['T_K', 'T_A'], 'force': None, 'active': True} cards: ['T_K', 'T_A'] type: <class 'list'>
2023-08-12 20:26:28,889 - LoggerFriends - INFO - Friend: {'name': 'pmass', 'hand': ['T_K', 'T_A'], 'force': None, 'active': True} cards: ['T_K', 'T_A'] type: <class 'list'>
2023-08-12 20:26:31,227 - LoggerFriends - INFO - Friend: {'name': 'pmass', 'hand': ['T_K', 'T_A'], 'force': None, 'active': True} cards: ['T_K', 'T_A'] type: <class 'list'>
2023-08-12 20:26:33,541 - LoggerFriends - INFO - Friend: {'name': 'pmass', 'hand': ['T_K', 'T_A'], 'force': None, 'active': True} cards: ['T_K', 'T_A'] type: <class 'list'>
2023-08-12 20:26:35,811 - LoggerFriends - INFO - Friend: {'name': 'pmass', 'hand': ['T_K', 'T_A'], 'force': None, 'active': True} cards: ['T_K', 'T_A'] type: <class 'list'>
2023-08-12 20:26:38,042 - LoggerFriends - INFO - Friend: {'name': 'pmass', 'hand': ['T_K', 'T_A'], 'force': None, 'active': True} cards: ['T_K', 'T_A'] type: <class 'list'>
2023-08-12 20:26:40,577 - LoggerFriends - INFO - Friend: {'name': 'pmass', 'hand': ['T_K', 'T_A'], 'force': None, 'active': True} cards: ['T_K', 'T_A'] type: <class 'list'>
2023-08-12 20:26:42,879 - LoggerFriends - INFO - Friend: {'name': 'pmass', 'hand': ['T_K', 'T_A'], 'force': None, 'active': True} cards: ['T_K', 'T_A'] type: <class 'list'>
2023-08-12 20:26:45,428 - LoggerFriends - INFO - Friend: {'name': 'pmass', 'hand': ['T_K', 'T_A'], 'force': None, 'active': True} cards: ['T_K', 'T_A'] type: <class 'list'>
2023-08-12 20:26:47,800 - LoggerFriends - INFO - Friend: {'name': 'pmass', 'hand': ['T_K', 'T_A'], 'force': None, 'active': True} cards: ['T_K', 'T_A'] type: <class 'list'>
2023-08-12 20:26:50,179 - LoggerFriends - INFO - Friend: {'name': 'pmass', 'hand': ['T_K', 'T_A'], 'force': None, 'active': True} cards: ['T_K', 'T_A'] type: <class 'list'>
2023-08-12 20:26:52,578 - LoggerFriends - INFO - Friend: {'name': 'pmass', 'hand': ['T_K', 'T_A'], 'force': None, 'active': True} cards: ['T_K', 'T_A'] type: <class 'list'>
2023-08-12 20:26:54,928 - LoggerFriends - INFO - Friend: {'name': 'pmass', 'hand': ['T_K', 'T_A'], 'force': None, 'active': True} cards: ['T_K', 'T_A'] type: <class 'list'>
2023-08-12 20:26:57,278 - LoggerFriends - INFO - Friend: {'name': 'pmass', 'hand': ['T_K', 'T_A'], 'force': None, 'active': True} cards: ['T_K', 'T_A'] type: <class 'list'>
2023-08-12 20:27:00,105 - LoggerFriends - INFO - Friend: {'name': 'pmass', 'hand': ['T_K', 'T_A'], 'force': None, 'active': True} cards: ['T_K', 'T_A'] type: <class 'list'>
2023-08-12 20:27:02,539 - LoggerFriends - INFO - Friend: {'name': 'pmass', 'hand': ['T_K', 'T_A'], 'force': None, 'active': True} cards: ['T_K', 'T_A'] type: <class 'list'>
2023-08-12 20:27:04,829 - LoggerFriends - INFO - Friend: {'name': 'pmass', 'hand': ['T_K', 'T_A'], 'force': None, 'active': True} cards: ['T_K', 'T_A'] type: <class 'list'>
2023-08-12 20:27:07,078 - LoggerFriends - INFO - Friend: {'name': 'pmass', 'hand': ['T_K', 'T_A'], 'force': None, 'active': True} cards: ['T_K', 'T_A'] type: <class 'list'>
2023-08-12 20:27:09,493 - LoggerFriends - INFO - Friend: {'name': 'pmass', 'hand': ['T_K', 'T_A'], 'force': None, 'active': True} cards: ['T_K', 'T_A'] type: <class 'list'>
2023-08-12 20:27:11,853 - LoggerFriends - INFO - Friend: {'name': 'pmass', 'hand': ['T_K', 'T_A'], 'force': None, 'active': True} cards: ['T_K', 'T_A'] type: <class 'list'>
2023-08-12 20:27:14,237 - LoggerFriends - INFO - Friend: {'name': 'pmass', 'hand': ['T_K', 'T_A'], 'force': None, 'active': True} cards: ['T_K', 'T_A'] type: <class 'list'>
2023-08-12 20:27:16,588 - LoggerFriends - INFO - Friend: {'name': 'pmass', 'hand': ['T_K', 'T_A'], 'force': None, 'active': True} cards: ['T_K', 'T_A'] type: <class 'list'>
2023-08-12 20:27:18,893 - LoggerFriends - INFO - Friend: {'name': 'pmass', 'hand': ['T_K', 'T_A'], 'force': None, 'active': True} cards: ['T_K', 'T_A'] type: <class 'list'>
2023-08-12 20:27:21,094 - LoggerFriends - INFO - Friend: {'name': 'pmass', 'hand': ['T_K', 'T_A'], 'force': None, 'active': True} cards: ['T_K', 'T_A'] type: <class 'list'>
2023-08-12 20:27:23,434 - LoggerFriends - INFO - Friend: {'name': 'pmass', 'hand': ['T_K', 'T_A'], 'force': None, 'active': True} cards: ['T_K', 'T_A'] type: <class 'list'>
2023-08-12 20:27:25,849 - LoggerFriends - INFO - Friend: {'name': 'pmass', 'hand': ['T_K', 'T_A'], 'force': None, 'active': True} cards: ['T_K', 'T_A'] type: <class 'list'>
2023-08-12 20:27:28,228 - LoggerFriends - INFO - Friend: {'name': 'pmass', 'hand': ['T_K', 'T_A'], 'force': None, 'active': True} cards: ['T_K', 'T_A'] type: <class 'list'>
2023-08-12 20:27:30,502 - LoggerFriends - INFO - Friend: {'name': 'pmass', 'hand': ['T_K', 'T_A'], 'force': None, 'active': True} cards: ['T_K', 'T_A'] type: <class 'list'>
2023-08-12 20:27:32,807 - LoggerFriends - INFO - Friend: {'name': 'pmass', 'hand': ['T_K', 'T_A'], 'force': None, 'active': True} cards: ['T_K', 'T_A'] type: <class 'list'>
2023-08-12 20:27:35,093 - LoggerFriends - INFO - Friend: {'name': 'pmass', 'hand': ['T_K', 'T_A'], 'force': None, 'active': True} cards: ['T_K', 'T_A'] type: <class 'list'>
2023-08-12 20:27:37,433 - LoggerFriends - INFO - Friend: {'name': 'pmass', 'hand': ['T_K', 'T_A'], 'force': None, 'active': True} cards: ['T_K', 'T_A'] type: <class 'list'>
2023-08-12 20:27:39,856 - LoggerFriends - INFO - Friend: {'name': 'pmass', 'hand': ['T_K', 'T_A'], 'force': None, 'active': True} cards: ['T_K', 'T_A'] type: <class 'list'>
2023-08-12 20:27:42,232 - LoggerFriends - INFO - Friend: {'name': 'pmass', 'hand': ['T_K', 'T_A'], 'force': None, 'active': True} cards: ['T_K', 'T_A'] type: <class 'list'>
2023-08-12 20:27:44,794 - LoggerFriends - INFO - Friend: {'name': 'pmass', 'hand': ['T_K', 'T_A'], 'force': None, 'active': True} cards: ['T_K', 'T_A'] type: <class 'list'>
2023-08-12 20:27:47,056 - LoggerFriends - INFO - Friend: {'name': 'pmass', 'hand': ['T_K', 'T_A'], 'force': None, 'active': True} cards: ['T_K', 'T_A'] type: <class 'list'>
2023-08-12 20:27:49,334 - LoggerFriends - INFO - Friend: {'name': 'pmass', 'hand': ['T_K', 'T_A'], 'force': None, 'active': True} cards: ['T_K', 'T_A'] type: <class 'list'>
2023-08-12 20:27:51,260 - LoggerFriends - INFO - Friend: {'name': 'pmass', 'hand': ['T_K', 'T_A'], 'force': None, 'active': True} cards: ['T_K', 'T_A'] type: <class 'list'>
2023-08-12 20:27:53,752 - LoggerFriends - INFO - Friend: {'name': 'pmass', 'hand': ['T_K', 'T_A'], 'force': None, 'active': False} cards: ['T_K', 'T_A'] type: <class 'list'>
2023-08-12 20:28:04,292 - LoggerFriends - INFO - Friend: {'name': 'pmass', 'hand': ['P_Q', 'D_7'], 'force': None, 'active': True} cards: ['P_Q', 'D_7'] type: <class 'list'>
2023-08-12 20:28:06,528 - LoggerFriends - INFO - Friend: {'name': 'pmass', 'hand': ['P_Q', 'D_7'], 'force': None, 'active': False} cards: ['P_Q', 'D_7'] type: <class 'list'>
2023-08-12 20:28:08,892 - LoggerFriends - INFO - Friend: {'name': 'pmass', 'hand': ['P_Q', 'D_7'], 'force': None, 'active': False} cards: ['P_Q', 'D_7'] type: <class 'list'>
2023-08-12 20:28:11,251 - LoggerFriends - INFO - Friend: {'name': 'pmass', 'hand': ['P_Q', 'D_7'], 'force': None, 'active': False} cards: ['P_Q', 'D_7'] type: <class 'list'>
2023-08-12 20:28:13,652 - LoggerFriends - INFO - Friend: {'name': 'pmass', 'hand': ['P_Q', 'D_7'], 'force': None, 'active': False} cards: ['P_Q', 'D_7'] type: <class 'list'>
2023-08-12 20:28:16,028 - LoggerFriends - INFO - Friend: {'name': 'pmass', 'hand': ['P_Q', 'D_7'], 'force': None, 'active': False} cards: ['P_Q', 'D_7'] type: <class 'list'>
2023-08-12 20:28:18,394 - LoggerFriends - INFO - Friend: {'name': 'pmass', 'hand': ['P_Q', 'D_7'], 'force': None, 'active': False} cards: ['P_Q', 'D_7'] type: <class 'list'>
2023-08-12 20:28:20,792 - LoggerFriends - INFO - Friend: {'name': 'pmass', 'hand': ['P_Q', 'D_7'], 'force': None, 'active': False} cards: ['P_Q', 'D_7'] type: <class 'list'>
2023-08-12 20:28:23,200 - LoggerFriends - INFO - Friend: {'name': 'pmass', 'hand': ['P_Q', 'D_7'], 'force': None, 'active': False} cards: ['P_Q', 'D_7'] type: <class 'list'>
2023-08-12 20:28:34,552 - LoggerFriends - INFO - Friend: {'name': 'pmass', 'hand': ['P_2', 'D_J'], 'force': None, 'active': True} cards: ['P_2', 'D_J'] type: <class 'list'>
2023-08-12 20:28:36,836 - LoggerFriends - INFO - Friend: {'name': 'pmass', 'hand': ['P_2', 'D_J'], 'force': None, 'active': True} cards: ['P_2', 'D_J'] type: <class 'list'>
2023-08-12 20:28:39,179 - LoggerFriends - INFO - Friend: {'name': 'pmass', 'hand': ['P_2', 'D_J'], 'force': None, 'active': True} cards: ['P_2', 'D_J'] type: <class 'list'>
2023-08-12 20:28:41,329 - LoggerFriends - INFO - Friend: {'name': 'pmass', 'hand': ['P_2', 'D_J'], 'force': None, 'active': True} cards: ['P_2', 'D_J'] type: <class 'list'>
2023-08-12 20:28:43,952 - LoggerFriends - INFO - Friend: {'name': 'pmass', 'hand': ['P_2', 'D_J'], 'force': None, 'active': True} cards: ['P_2', 'D_J'] type: <class 'list'>
2023-08-12 20:28:46,398 - LoggerFriends - INFO - Friend: {'name': 'pmass', 'hand': ['P_2', 'D_J'], 'force': None, 'active': True} cards: ['P_2', 'D_J'] type: <class 'list'>
2023-08-12 20:28:48,733 - LoggerFriends - INFO - Friend: {'name': 'pmass', 'hand': ['P_2', 'D_J'], 'force': None, 'active': True} cards: ['P_2', 'D_J'] type: <class 'list'>
2023-08-12 20:28:51,252 - LoggerFriends - INFO - Friend: {'name': 'pmass', 'hand': ['P_2', 'D_J'], 'force': None, 'active': True} cards: ['P_2', 'D_J'] type: <class 'list'>
2023-08-12 20:28:53,638 - LoggerFriends - INFO - Friend: {'name': 'pmass', 'hand': ['P_2', 'D_J'], 'force': None, 'active': True} cards: ['P_2', 'D_J'] type: <class 'list'>
2023-08-12 20:28:56,090 - LoggerFriends - INFO - Friend: {'name': 'pmass', 'hand': ['P_2', 'D_J'], 'force': None, 'active': True} cards: ['P_2', 'D_J'] type: <class 'list'>
2023-08-12 20:28:58,509 - LoggerFriends - INFO - Friend: {'name': 'pmass', 'hand': ['P_2', 'D_J'], 'force': None, 'active': True} cards: ['P_2', 'D_J'] type: <class 'list'>
2023-08-12 20:29:00,879 - LoggerFriends - INFO - Friend: {'name': 'pmass', 'hand': ['P_2', 'D_J'], 'force': None, 'active': True} cards: ['P_2', 'D_J'] type: <class 'list'>
2023-08-12 20:29:03,330 - LoggerFriends - INFO - Friend: {'name': 'pmass', 'hand': ['P_2', 'D_J'], 'force': None, 'active': True} cards: ['P_2', 'D_J'] type: <class 'list'>
2023-08-12 20:29:05,608 - LoggerFriends - INFO - Friend: {'name': 'pmass', 'hand': ['P_2', 'D_J'], 'force': None, 'active': True} cards: ['P_2', 'D_J'] type: <class 'list'>
2023-08-12 20:29:08,150 - LoggerFriends - INFO - Friend: {'name': 'pmass', 'hand': ['P_2', 'D_J'], 'force': None, 'active': True} cards: ['P_2', 'D_J'] type: <class 'list'>
2023-08-12 20:29:10,680 - LoggerFriends - INFO - Friend: {'name': 'pmass', 'hand': ['P_2', 'D_J'], 'force': None, 'active': True} cards: ['P_2', 'D_J'] type: <class 'list'>
2023-08-12 20:29:12,992 - LoggerFriends - INFO - Friend: {'name': 'pmass', 'hand': ['P_2', 'D_J'], 'force': None, 'active': True} cards: ['P_2', 'D_J'] type: <class 'list'>
2023-08-12 20:29:21,565 - LoggerFriends - INFO - Friend: {'name': 'pmass', 'hand': ['C_7', 'C_6'], 'force': None, 'active': True} cards: ['C_7', 'C_6'] type: <class 'list'>
2023-08-12 20:29:23,893 - LoggerFriends - INFO - Friend: {'name': 'pmass', 'hand': ['C_7', 'C_6'], 'force': None, 'active': True} cards: ['C_7', 'C_6'] type: <class 'list'>
2023-08-12 20:29:26,550 - LoggerFriends - INFO - Friend: {'name': 'pmass', 'hand': ['C_7', 'C_6'], 'force': None, 'active': True} cards: ['C_7', 'C_6'] type: <class 'list'>
2023-08-12 20:29:28,928 - LoggerFriends - INFO - Friend: {'name': 'pmass', 'hand': ['C_7', 'C_6'], 'force': None, 'active': True} cards: ['C_7', 'C_6'] type: <class 'list'>
2023-08-12 20:29:31,295 - LoggerFriends - INFO - Friend: {'name': 'pmass', 'hand': ['C_7', 'C_6'], 'force': None, 'active': True} cards: ['C_7', 'C_6'] type: <class 'list'>
2023-08-12 20:29:33,712 - LoggerFriends - INFO - Friend: {'name': 'pmass', 'hand': ['C_7', 'C_6'], 'force': None, 'active': True} cards: ['C_7', 'C_6'] type: <class 'list'>
2023-08-12 20:29:36,247 - LoggerFriends - INFO - Friend: {'name': 'pmass', 'hand': ['C_7', 'C_6'], 'force': None, 'active': True} cards: ['C_7', 'C_6'] type: <class 'list'>
2023-08-12 20:29:38,570 - LoggerFriends - INFO - Friend: {'name': 'pmass', 'hand': ['C_7', 'C_6'], 'force': None, 'active': True} cards: ['C_7', 'C_6'] type: <class 'list'>
2023-08-12 20:29:40,872 - LoggerFriends - INFO - Friend: {'name': 'pmass', 'hand': ['C_7', 'C_6'], 'force': None, 'active': True} cards: ['C_7', 'C_6'] type: <class 'list'>
2023-08-12 20:29:43,452 - LoggerFriends - INFO - Friend: {'name': 'pmass', 'hand': ['C_7', 'C_6'], 'force': None, 'active': True} cards: ['C_7', 'C_6'] type: <class 'list'>
2023-08-12 20:29:45,975 - LoggerFriends - INFO - Friend: {'name': 'pmass', 'hand': ['C_7', 'C_6'], 'force': None, 'active': True} cards: ['C_7', 'C_6'] type: <class 'list'>
2023-08-12 20:29:48,399 - LoggerFriends - INFO - Friend: {'name': 'pmass', 'hand': ['C_7', 'C_6'], 'force': None, 'active': True} cards: ['C_7', 'C_6'] type: <class 'list'>
2023-08-12 20:29:50,950 - LoggerFriends - INFO - Friend: {'name': 'pmass', 'hand': ['C_7', 'C_6'], 'force': None, 'active': True} cards: ['C_7', 'C_6'] type: <class 'list'>
2023-08-12 20:29:53,350 - LoggerFriends - INFO - Friend: {'name': 'pmass', 'hand': ['C_7', 'C_6'], 'force': None, 'active': True} cards: ['C_7', 'C_6'] type: <class 'list'>
2023-08-12 20:29:55,699 - LoggerFriends - INFO - Friend: {'name': 'pmass', 'hand': ['C_7', 'C_6'], 'force': None, 'active': True} cards: ['C_7', 'C_6'] type: <class 'list'>
2023-08-12 20:29:58,051 - LoggerFriends - INFO - Friend: {'name': 'pmass', 'hand': ['C_7', 'C_6'], 'force': None, 'active': True} cards: ['C_7', 'C_6'] type: <class 'list'>
2023-08-12 20:30:00,300 - LoggerFriends - INFO - Friend: {'name': 'pmass', 'hand': ['C_7', 'C_6'], 'force': None, 'active': True} cards: ['C_7', 'C_6'] type: <class 'list'>
2023-08-12 20:30:02,600 - LoggerFriends - INFO - Friend: {'name': 'pmass', 'hand': ['C_7', 'C_6'], 'force': None, 'active': True} cards: ['C_7', 'C_6'] type: <class 'list'>
2023-08-12 20:30:05,010 - LoggerFriends - INFO - Friend: {'name': 'pmass', 'hand': ['C_7', 'C_6'], 'force': None, 'active': True} cards: ['C_7', 'C_6'] type: <class 'list'>
2023-08-12 20:30:07,451 - LoggerFriends - INFO - Friend: {'name': 'pmass', 'hand': ['C_7', 'C_6'], 'force': None, 'active': True} cards: ['C_7', 'C_6'] type: <class 'list'>
2023-08-12 20:30:09,750 - LoggerFriends - INFO - Friend: {'name': 'pmass', 'hand': ['C_7', 'C_6'], 'force': None, 'active': True} cards: ['C_7', 'C_6'] type: <class 'list'>
2023-08-12 20:30:12,273 - LoggerFriends - INFO - Friend: {'name': 'pmass', 'hand': ['C_7', 'C_6'], 'force': None, 'active': True} cards: ['C_7', 'C_6'] type: <class 'list'>
2023-08-12 20:30:14,469 - LoggerFriends - INFO - Friend: {'name': 'pmass', 'hand': ['C_7', 'C_6'], 'force': None, 'active': True} cards: ['C_7', 'C_6'] type: <class 'list'>
2023-08-12 20:30:22,271 - LoggerFriends - INFO - Friend: {'name': 'pmass', 'hand': ['T_5', 'C_2'], 'force': None, 'active': True} cards: ['T_5', 'C_2'] type: <class 'list'>
2023-08-12 20:30:24,531 - LoggerFriends - INFO - Friend: {'name': 'pmass', 'hand': ['T_5', 'C_2'], 'force': None, 'active': True} cards: ['T_5', 'C_2'] type: <class 'list'>
2023-08-12 20:30:26,910 - LoggerFriends - INFO - Friend: {'name': 'pmass', 'hand': ['T_5', 'C_2'], 'force': None, 'active': True} cards: ['T_5', 'C_2'] type: <class 'list'>
2023-08-12 20:30:29,251 - LoggerFriends - INFO - Friend: {'name': 'pmass', 'hand': ['T_5', 'C_2'], 'force': None, 'active': True} cards: ['T_5', 'C_2'] type: <class 'list'>
2023-08-12 20:30:31,568 - LoggerFriends - INFO - Friend: {'name': 'pmass', 'hand': ['T_5', 'C_2'], 'force': None, 'active': False} cards: ['T_5', 'C_2'] type: <class 'list'>
2023-08-12 20:30:35,311 - LoggerFriends - INFO - Friend: {'name': 'pmass', 'hand': ['T_5', 'C_2'], 'force': None, 'active': False} cards: ['T_5', 'C_2'] type: <class 'list'>
2023-08-12 20:30:37,701 - LoggerFriends - INFO - Friend: {'name': 'pmass', 'hand': ['T_5', 'C_2'], 'force': None, 'active': False} cards: ['T_5', 'C_2'] type: <class 'list'>
2023-08-12 20:30:40,105 - LoggerFriends - INFO - Friend: {'name': 'pmass', 'hand': ['T_5', 'C_2'], 'force': None, 'active': False} cards: ['T_5', 'C_2'] type: <class 'list'>
2023-08-12 20:30:42,451 - LoggerFriends - INFO - Friend: {'name': 'pmass', 'hand': ['T_5', 'C_2'], 'force': None, 'active': False} cards: ['T_5', 'C_2'] type: <class 'list'>
2023-08-12 20:30:44,901 - LoggerFriends - INFO - Friend: {'name': 'pmass', 'hand': ['T_5', 'C_2'], 'force': None, 'active': False} cards: ['T_5', 'C_2'] type: <class 'list'>
2023-08-12 20:30:47,306 - LoggerFriends - INFO - Friend: {'name': 'pmass', 'hand': ['T_5', 'C_2'], 'force': None, 'active': False} cards: ['T_5', 'C_2'] type: <class 'list'>
2023-08-12 20:30:49,576 - LoggerFriends - INFO - Friend: {'name': 'pmass', 'hand': ['T_5', 'C_2'], 'force': None, 'active': False} cards: ['T_5', 'C_2'] type: <class 'list'>
2023-08-12 20:31:02,768 - LoggerFriends - INFO - Friend: {'name': 'pmass', 'hand': ['C_6', 'C_4'], 'force': None, 'active': True} cards: ['C_6', 'C_4'] type: <class 'list'>
2023-08-12 20:31:05,129 - LoggerFriends - INFO - Friend: {'name': 'pmass', 'hand': ['C_6', 'C_4'], 'force': None, 'active': True} cards: ['C_6', 'C_4'] type: <class 'list'>
2023-08-12 20:31:07,512 - LoggerFriends - INFO - Friend: {'name': 'pmass', 'hand': ['C_6', 'C_4'], 'force': None, 'active': True} cards: ['C_6', 'C_4'] type: <class 'list'>
2023-08-12 20:31:09,751 - LoggerFriends - INFO - Friend: {'name': 'pmass', 'hand': ['C_6', 'C_4'], 'force': None, 'active': True} cards: ['C_6', 'C_4'] type: <class 'list'>
2023-08-12 20:31:12,178 - LoggerFriends - INFO - Friend: {'name': 'pmass', 'hand': ['C_6', 'C_4'], 'force': None, 'active': True} cards: ['C_6', 'C_4'] type: <class 'list'>
2023-08-12 20:31:14,575 - LoggerFriends - INFO - Friend: {'name': 'pmass', 'hand': ['C_6', 'C_4'], 'force': None, 'active': True} cards: ['C_6', 'C_4'] type: <class 'list'>
2023-08-12 20:31:16,834 - LoggerFriends - INFO - Friend: {'name': 'pmass', 'hand': ['C_6', 'C_4'], 'force': None, 'active': True} cards: ['C_6', 'C_4'] type: <class 'list'>
2023-08-12 20:31:19,177 - LoggerFriends - INFO - Friend: {'name': 'pmass', 'hand': ['C_6', 'C_4'], 'force': None, 'active': True} cards: ['C_6', 'C_4'] type: <class 'list'>
2023-08-12 20:31:21,502 - LoggerFriends - INFO - Friend: {'name': 'pmass', 'hand': ['C_6', 'C_4'], 'force': None, 'active': True} cards: ['C_6', 'C_4'] type: <class 'list'>
2023-08-12 20:31:23,916 - LoggerFriends - INFO - Friend: {'name': 'pmass', 'hand': ['C_6', 'C_4'], 'force': None, 'active': False} cards: ['C_6', 'C_4'] type: <class 'list'>
2023-08-12 20:31:26,276 - LoggerFriends - INFO - Friend: {'name': 'pmass', 'hand': ['C_6', 'C_4'], 'force': None, 'active': False} cards: ['C_6', 'C_4'] type: <class 'list'>
2023-08-12 20:31:28,652 - LoggerFriends - INFO - Friend: {'name': 'pmass', 'hand': ['C_6', 'C_4'], 'force': None, 'active': False} cards: ['C_6', 'C_4'] type: <class 'list'>
2023-08-12 20:31:30,901 - LoggerFriends - INFO - Friend: {'name': 'pmass', 'hand': ['C_6', 'C_4'], 'force': None, 'active': False} cards: ['C_6', 'C_4'] type: <class 'list'>
2023-08-12 20:31:33,358 - LoggerFriends - INFO - Friend: {'name': 'pmass', 'hand': ['C_6', 'C_4'], 'force': None, 'active': False} cards: ['C_6', 'C_4'] type: <class 'list'>
2023-08-12 20:31:35,802 - LoggerFriends - INFO - Friend: {'name': 'pmass', 'hand': ['C_6', 'C_4'], 'force': None, 'active': False} cards: ['C_6', 'C_4'] type: <class 'list'>
2023-08-12 20:31:38,171 - LoggerFriends - INFO - Friend: {'name': 'pmass', 'hand': ['C_6', 'C_4'], 'force': None, 'active': False} cards: ['C_6', 'C_4'] type: <class 'list'>
2023-08-12 20:31:40,602 - LoggerFriends - INFO - Friend: {'name': 'pmass', 'hand': ['C_6', 'C_4'], 'force': None, 'active': False} cards: ['C_6', 'C_4'] type: <class 'list'>
2023-08-12 20:31:43,052 - LoggerFriends - INFO - Friend: {'name': 'pmass', 'hand': ['C_6', 'C_4'], 'force': None, 'active': False} cards: ['C_6', 'C_4'] type: <class 'list'>
2023-08-12 20:31:45,404 - LoggerFriends - INFO - Friend: {'name': 'pmass', 'hand': ['C_6', 'C_4'], 'force': None, 'active': False} cards: ['C_6', 'C_4'] type: <class 'list'>
2023-08-12 20:31:47,902 - LoggerFriends - INFO - Friend: {'name': 'pmass', 'hand': ['C_6', 'C_4'], 'force': None, 'active': False} cards: ['C_6', 'C_4'] type: <class 'list'>
2023-08-12 20:31:50,160 - LoggerFriends - INFO - Friend: {'name': 'pmass', 'hand': ['C_6', 'C_4'], 'force': None, 'active': False} cards: ['C_6', 'C_4'] type: <class 'list'>
2023-08-12 20:31:52,359 - LoggerFriends - INFO - Friend: {'name': 'pmass', 'hand': ['C_6', 'C_4'], 'force': None, 'active': True} cards: ['C_6', 'C_4'] type: <class 'list'>
2023-08-12 20:31:58,812 - LoggerFriends - INFO - Friend: {'name': 'pmass', 'hand': ['D_9', 'D_2'], 'force': None, 'active': True} cards: ['D_9', 'D_2'] type: <class 'list'>
2023-08-12 20:32:01,154 - LoggerFriends - INFO - Friend: {'name': 'pmass', 'hand': ['D_9', 'D_2'], 'force': None, 'active': False} cards: ['D_9', 'D_2'] type: <class 'list'>
2023-08-12 20:32:03,425 - LoggerFriends - INFO - Friend: {'name': 'pmass', 'hand': ['D_9', 'D_2'], 'force': None, 'active': False} cards: ['D_9', 'D_2'] type: <class 'list'>
2023-08-12 20:32:05,776 - LoggerFriends - INFO - Friend: {'name': 'pmass', 'hand': ['D_9', 'D_2'], 'force': None, 'active': False} cards: ['D_9', 'D_2'] type: <class 'list'>
2023-08-12 20:32:08,477 - LoggerFriends - INFO - Friend: {'name': 'pmass', 'hand': ['D_9', 'D_2'], 'force': None, 'active': False} cards: ['D_9', 'D_2'] type: <class 'list'>
2023-08-12 20:32:10,802 - LoggerFriends - INFO - Friend: {'name': 'pmass', 'hand': ['D_9', 'D_2'], 'force': None, 'active': False} cards: ['D_9', 'D_2'] type: <class 'list'>
2023-08-12 20:32:13,252 - LoggerFriends - INFO - Friend: {'name': 'pmass', 'hand': ['D_9', 'D_2'], 'force': None, 'active': False} cards: ['D_9', 'D_2'] type: <class 'list'>
2023-08-12 20:32:15,652 - LoggerFriends - INFO - Friend: {'name': 'pmass', 'hand': ['D_9', 'D_2'], 'force': None, 'active': False} cards: ['D_9', 'D_2'] type: <class 'list'>
2023-08-12 20:32:17,952 - LoggerFriends - INFO - Friend: {'name': 'pmass', 'hand': ['D_9', 'D_2'], 'force': None, 'active': False} cards: ['D_9', 'D_2'] type: <class 'list'>
2023-08-12 20:32:20,311 - LoggerFriends - INFO - Friend: {'name': 'pmass', 'hand': ['D_9', 'D_2'], 'force': None, 'active': False} cards: ['D_9', 'D_2'] type: <class 'list'>
2023-08-12 20:32:22,679 - LoggerFriends - INFO - Friend: {'name': 'pmass', 'hand': ['D_9', 'D_2'], 'force': None, 'active': False} cards: ['D_9', 'D_2'] type: <class 'list'>
2023-08-12 20:32:25,073 - LoggerFriends - INFO - Friend: {'name': 'pmass', 'hand': ['D_9', 'D_2'], 'force': None, 'active': False} cards: ['D_9', 'D_2'] type: <class 'list'>
2023-08-12 20:32:27,558 - LoggerFriends - INFO - Friend: {'name': 'pmass', 'hand': ['D_9', 'D_2'], 'force': None, 'active': False} cards: ['D_9', 'D_2'] type: <class 'list'>
2023-08-12 20:32:29,952 - LoggerFriends - INFO - Friend: {'name': 'pmass', 'hand': ['D_9', 'D_2'], 'force': None, 'active': False} cards: ['D_9', 'D_2'] type: <class 'list'>
2023-08-12 20:32:32,333 - LoggerFriends - INFO - Friend: {'name': 'pmass', 'hand': ['D_9', 'D_2'], 'force': None, 'active': False} cards: ['D_9', 'D_2'] type: <class 'list'>
2023-08-12 20:32:34,711 - LoggerFriends - INFO - Friend: {'name': 'pmass', 'hand': ['D_9', 'D_2'], 'force': None, 'active': False} cards: ['D_9', 'D_2'] type: <class 'list'>
2023-08-12 20:32:37,069 - LoggerFriends - INFO - Friend: {'name': 'pmass', 'hand': ['D_9', 'D_2'], 'force': None, 'active': False} cards: ['D_9', 'D_2'] type: <class 'list'>
2023-08-12 20:32:39,429 - LoggerFriends - INFO - Friend: {'name': 'pmass', 'hand': ['D_9', 'D_2'], 'force': None, 'active': False} cards: ['D_9', 'D_2'] type: <class 'list'>
2023-08-12 20:32:41,510 - LoggerFriends - INFO - Friend: {'name': 'pmass', 'hand': ['D_9', 'D_2'], 'force': None, 'active': False} cards: ['D_9', 'D_2'] type: <class 'list'>
